<?xml version="1.0" encoding="UTF-8"?>
<!-- Generated by org.testng.reporters.JUnitXMLReporter -->
<testsuite ignored="0" hostname="DESKTOP-U6OK72A" failures="1" tests="5" name="Default test" time="115.762" errors="0" timestamp="2025-06-30T08:26:04 IST">
  <testcase classname="io.cucumber.testng.AbstractTestNGCucumberTests" name="runScenario" time="21.422"/>
  <testcase classname="io.cucumber.testng.AbstractTestNGCucumberTests" name="runScenario" time="20.299"/>
  <testcase classname="io.cucumber.testng.AbstractTestNGCucumberTests" name="runScenario" time="22.208">
    <failure type="java.lang.AssertionError" message="expected [Apple1] but found [Apple]">
      <![CDATA[java.lang.AssertionError: expected [Apple1] but found [Apple]
at org.testng.Assert.fail(Assert.java:111)
at org.testng.Assert.failNotEquals(Assert.java:1590)
at org.testng.Assert.assertEqualsImpl(Assert.java:150)
at org.testng.Assert.assertEquals(Assert.java:132)
at org.testng.Assert.assertEquals(Assert.java:656)
at org.testng.Assert.assertEquals(Assert.java:666)
at Stepdefination.Homepagestepdef.user_should_able_to_see_brand_name(Homepagestepdef.java:49)
at âœ½.user should able to see brand name "Apple1"(file:///D:/BDDCucumber/11_Jan_BDDCucumber/src/test/resources/Appfeatures/HomePage.feature:14)
]]>
    </failure>
  </testcase> <!-- runScenario -->
  <testcase classname="io.cucumber.testng.AbstractTestNGCucumberTests" name="runScenario" time="25.33"/>
  <testcase classname="io.cucumber.testng.AbstractTestNGCucumberTests" name="runScenario" time="25.793"/>
</testsuite> <!-- Default test -->
